Started GET "/" for 127.0.0.1 at 2020-06-05 14:55:49 -0300
  [1m[35m (5.4ms)[0m  [1m[34mSELECT sqlite_version(*)[0m
  
ActiveRecord::PendingMigrationError (

Migrations are pending. To resolve this issue, run:

        rails db:migrate RAILS_ENV=development

):
  
activerecord (6.0.2.2) lib/active_record/migration.rb:587:in `check_pending!'
activerecord (6.0.2.2) lib/active_record/migration.rb:564:in `call'
actionpack (6.0.2.2) lib/action_dispatch/middleware/callbacks.rb:27:in `block in call'
activesupport (6.0.2.2) lib/active_support/callbacks.rb:101:in `run_callbacks'
actionpack (6.0.2.2) lib/action_dispatch/middleware/callbacks.rb:26:in `call'
actionpack (6.0.2.2) lib/action_dispatch/middleware/executor.rb:14:in `call'
actionpack (6.0.2.2) lib/action_dispatch/middleware/actionable_exceptions.rb:17:in `call'
actionpack (6.0.2.2) lib/action_dispatch/middleware/debug_exceptions.rb:32:in `call'
web-console (4.0.1) lib/web_console/middleware.rb:132:in `call_app'
web-console (4.0.1) lib/web_console/middleware.rb:28:in `block in call'
web-console (4.0.1) lib/web_console/middleware.rb:17:in `catch'
web-console (4.0.1) lib/web_console/middleware.rb:17:in `call'
actionpack (6.0.2.2) lib/action_dispatch/middleware/show_exceptions.rb:33:in `call'
railties (6.0.2.2) lib/rails/rack/logger.rb:38:in `call_app'
railties (6.0.2.2) lib/rails/rack/logger.rb:26:in `block in call'
activesupport (6.0.2.2) lib/active_support/tagged_logging.rb:80:in `block in tagged'
activesupport (6.0.2.2) lib/active_support/tagged_logging.rb:28:in `tagged'
activesupport (6.0.2.2) lib/active_support/tagged_logging.rb:80:in `tagged'
railties (6.0.2.2) lib/rails/rack/logger.rb:26:in `call'
sprockets-rails (3.2.1) lib/sprockets/rails/quiet_assets.rb:13:in `call'
actionpack (6.0.2.2) lib/action_dispatch/middleware/remote_ip.rb:81:in `call'
actionpack (6.0.2.2) lib/action_dispatch/middleware/request_id.rb:27:in `call'
rack (2.2.2) lib/rack/method_override.rb:24:in `call'
rack (2.2.2) lib/rack/runtime.rb:22:in `call'
activesupport (6.0.2.2) lib/active_support/cache/strategy/local_cache_middleware.rb:29:in `call'
actionpack (6.0.2.2) lib/action_dispatch/middleware/executor.rb:14:in `call'
actionpack (6.0.2.2) lib/action_dispatch/middleware/static.rb:126:in `call'
rack (2.2.2) lib/rack/sendfile.rb:110:in `call'
actionpack (6.0.2.2) lib/action_dispatch/middleware/host_authorization.rb:83:in `call'
webpacker (4.2.2) lib/webpacker/dev_server_proxy.rb:23:in `perform_request'
rack-proxy (0.6.5) lib/rack/proxy.rb:57:in `call'
railties (6.0.2.2) lib/rails/engine.rb:526:in `call'
puma (4.3.3) lib/puma/configuration.rb:228:in `call'
puma (4.3.3) lib/puma/server.rb:682:in `handle_request'
puma (4.3.3) lib/puma/server.rb:472:in `process_client'
puma (4.3.3) lib/puma/server.rb:328:in `block in run'
puma (4.3.3) lib/puma/thread_pool.rb:134:in `block in spawn_thread'
  [1m[35m (3.0ms)[0m  [1m[34mSELECT sqlite_version(*)[0m
  [1m[35m (253.6ms)[0m  [1m[35mCREATE TABLE "schema_migrations" ("version" varchar NOT NULL PRIMARY KEY)[0m
  [1m[35m (173.6ms)[0m  [1m[35mCREATE TABLE "ar_internal_metadata" ("key" varchar NOT NULL PRIMARY KEY, "value" varchar, "created_at" datetime(6) NOT NULL, "updated_at" datetime(6) NOT NULL)[0m
  [1m[35m (0.4ms)[0m  [1m[34mSELECT "schema_migrations"."version" FROM "schema_migrations" ORDER BY "schema_migrations"."version" ASC[0m
Migrating to DeviseCreateUsers (20200325070222)
  [1m[35m (0.1ms)[0m  [1m[36mbegin transaction[0m
  [1m[35m (1.9ms)[0m  [1m[35mCREATE TABLE "users" ("id" integer PRIMARY KEY AUTOINCREMENT NOT NULL, "email" varchar DEFAULT '' NOT NULL, "encrypted_password" varchar DEFAULT '' NOT NULL, "reset_password_token" varchar, "reset_password_sent_at" datetime, "remember_created_at" datetime, "created_at" datetime(6) NOT NULL, "updated_at" datetime(6) NOT NULL)[0m
  [1m[35m (0.8ms)[0m  [1m[35mCREATE UNIQUE INDEX "index_users_on_email" ON "users" ("email")[0m
  [1m[35m (0.2ms)[0m  [1m[35mCREATE UNIQUE INDEX "index_users_on_reset_password_token" ON "users" ("reset_password_token")[0m
  [1m[36mprimary::SchemaMigration Create (0.4ms)[0m  [1m[32mINSERT INTO "schema_migrations" ("version") VALUES (?)[0m  [["version", "20200325070222"]]
  [1m[35m (119.7ms)[0m  [1m[36mcommit transaction[0m
Migrating to CreateActiveStorageTables (20200325072753)
  [1m[35m (0.4ms)[0m  [1m[36mbegin transaction[0m
  [1m[35m (2.2ms)[0m  [1m[35mCREATE TABLE "active_storage_blobs" ("id" integer PRIMARY KEY AUTOINCREMENT NOT NULL, "key" varchar NOT NULL, "filename" varchar NOT NULL, "content_type" varchar, "metadata" text, "byte_size" bigint NOT NULL, "checksum" varchar NOT NULL, "created_at" datetime NOT NULL)[0m
  [1m[35m (0.2ms)[0m  [1m[35mCREATE UNIQUE INDEX "index_active_storage_blobs_on_key" ON "active_storage_blobs" ("key")[0m
  [1m[35m (0.3ms)[0m  [1m[35mCREATE TABLE "active_storage_attachments" ("id" integer PRIMARY KEY AUTOINCREMENT NOT NULL, "name" varchar NOT NULL, "record_type" varchar NOT NULL, "record_id" integer NOT NULL, "blob_id" integer NOT NULL, "created_at" datetime NOT NULL, CONSTRAINT "fk_rails_c3b3935057"
FOREIGN KEY ("blob_id")
  REFERENCES "active_storage_blobs" ("id")
)[0m
  [1m[35m (0.4ms)[0m  [1m[35mCREATE  INDEX "index_active_storage_attachments_on_blob_id" ON "active_storage_attachments" ("blob_id")[0m
  [1m[35m (0.2ms)[0m  [1m[35mCREATE UNIQUE INDEX "index_active_storage_attachments_uniqueness" ON "active_storage_attachments" ("record_type", "record_id", "name", "blob_id")[0m
  [1m[36mprimary::SchemaMigration Create (0.8ms)[0m  [1m[32mINSERT INTO "schema_migrations" ("version") VALUES (?)[0m  [["version", "20200325072753"]]
  [1m[35m (179.6ms)[0m  [1m[36mcommit transaction[0m
Migrating to CreateActionTextTables (20200325072754)
  [1m[35m (0.1ms)[0m  [1m[36mbegin transaction[0m
  [1m[35m (3.6ms)[0m  [1m[35mCREATE TABLE "action_text_rich_texts" ("id" integer PRIMARY KEY AUTOINCREMENT NOT NULL, "name" varchar NOT NULL, "body" text, "record_type" varchar NOT NULL, "record_id" integer NOT NULL, "created_at" datetime(6) NOT NULL, "updated_at" datetime(6) NOT NULL)[0m
  [1m[35m (0.7ms)[0m  [1m[35mCREATE UNIQUE INDEX "index_action_text_rich_texts_uniqueness" ON "action_text_rich_texts" ("record_type", "record_id", "name")[0m
  [1m[36mprimary::SchemaMigration Create (0.7ms)[0m  [1m[32mINSERT INTO "schema_migrations" ("version") VALUES (?)[0m  [["version", "20200325072754"]]
  [1m[35m (129.0ms)[0m  [1m[36mcommit transaction[0m
Migrating to CreatePosts (20200326052323)
  [1m[35m (0.1ms)[0m  [1m[36mbegin transaction[0m
  [1m[35m (4.1ms)[0m  [1m[35mCREATE TABLE "posts" ("id" integer PRIMARY KEY AUTOINCREMENT NOT NULL, "title" varchar, "author" varchar, "created_at" datetime(6) NOT NULL, "updated_at" datetime(6) NOT NULL)[0m
  [1m[36mprimary::SchemaMigration Create (2.0ms)[0m  [1m[32mINSERT INTO "schema_migrations" ("version") VALUES (?)[0m  [["version", "20200326052323"]]
  [1m[35m (107.0ms)[0m  [1m[36mcommit transaction[0m
  [1m[36mActiveRecord::InternalMetadata Load (0.6ms)[0m  [1m[34mSELECT "ar_internal_metadata".* FROM "ar_internal_metadata" WHERE "ar_internal_metadata"."key" = ? LIMIT ?[0m  [["key", "environment"], ["LIMIT", 1]]
  [1m[35m (0.1ms)[0m  [1m[36mbegin transaction[0m
  [1m[36mActiveRecord::InternalMetadata Create (3.2ms)[0m  [1m[32mINSERT INTO "ar_internal_metadata" ("key", "value", "created_at", "updated_at") VALUES (?, ?, ?, ?)[0m  [["key", "environment"], ["value", "development"], ["created_at", "2020-06-05 17:56:21.127652"], ["updated_at", "2020-06-05 17:56:21.127652"]]
  [1m[35m (130.8ms)[0m  [1m[36mcommit transaction[0m
  [1m[35m (0.2ms)[0m  [1m[34mSELECT sqlite_version(*)[0m
  [1m[35m (0.4ms)[0m  [1m[34mSELECT "schema_migrations"."version" FROM "schema_migrations" ORDER BY "schema_migrations"."version" ASC[0m
Started GET "/" for 127.0.0.1 at 2020-06-05 14:56:41 -0300
  [1m[35m (1.6ms)[0m  [1m[34mSELECT sqlite_version(*)[0m
  [1m[35m (0.3ms)[0m  [1m[34mSELECT "schema_migrations"."version" FROM "schema_migrations" ORDER BY "schema_migrations"."version" ASC[0m
Processing by PostsController#index as HTML
  Rendering posts/index.html.erb within layouts/application
  [1m[36mPost Load (0.2ms)[0m  [1m[34mSELECT "posts".* FROM "posts"[0m
  ↳ app/views/posts/index.html.erb:5
  Rendered posts/index.html.erb within layouts/application (Duration: 7.7ms | Allocations: 1445)
[Webpacker] Compiling...
[Webpacker] Compiled all packs in /home/usertest/projetos/blog-bulma/public/packs
[Webpacker] Hash: 829f35e6e25c97270a49
Version: webpack 4.42.0
Time: 15539ms
Built at: 06/05/2020 2:57:05 PM
                                     Asset       Size       Chunks                         Chunk Names
    js/application-e02f5b2a33efce6679cf.js    792 KiB  application  [emitted] [immutable]  application
js/application-e02f5b2a33efce6679cf.js.map    859 KiB  application  [emitted] [dev]        application
                             manifest.json  364 bytes               [emitted]              
Entrypoint application = js/application-e02f5b2a33efce6679cf.js js/application-e02f5b2a33efce6679cf.js.map
[./app/javascript/channels sync recursive _channel\.js$] ./app/javascript/channels sync _channel\.js$ 160 bytes {application} [built]
[./app/javascript/channels/index.js] 211 bytes {application} [built]
[./app/javascript/packs/application.js] 830 bytes {application} [built]
[./node_modules/webpack/buildin/global.js] (webpack)/buildin/global.js 905 bytes {application} [built]
[./node_modules/webpack/buildin/module.js] (webpack)/buildin/module.js 552 bytes {application} [built]
    + 13 hidden modules

  Rendered shared/_navbar.html.erb (Duration: 3.2ms | Allocations: 377)
Completed 200 OK in 24075ms (Views: 24052.5ms | ActiveRecord: 0.7ms | Allocations: 31377)


Started GET "/users/sign_up" for 127.0.0.1 at 2020-06-05 15:01:55 -0300
Processing by Devise::RegistrationsController#new as HTML
  Rendering /home/usertest/.rvm/gems/ruby-2.5.1/gems/devise-4.7.1/app/views/devise/registrations/new.html.erb within layouts/application
  Rendered /home/usertest/.rvm/gems/ruby-2.5.1/gems/devise-4.7.1/app/views/devise/shared/_error_messages.html.erb (Duration: 0.6ms | Allocations: 220)
  Rendered /home/usertest/.rvm/gems/ruby-2.5.1/gems/devise-4.7.1/app/views/devise/shared/_links.html.erb (Duration: 1.4ms | Allocations: 562)
  Rendered /home/usertest/.rvm/gems/ruby-2.5.1/gems/devise-4.7.1/app/views/devise/registrations/new.html.erb within layouts/application (Duration: 212.0ms | Allocations: 9267)
[Webpacker] Everything's up-to-date. Nothing to do
  Rendered shared/_navbar.html.erb (Duration: 0.6ms | Allocations: 100)
Completed 200 OK in 639ms (Views: 622.4ms | ActiveRecord: 1.2ms | Allocations: 27435)


Started GET "/users/sign_up" for 127.0.0.1 at 2020-06-05 15:14:08 -0300
  [1m[35m (0.5ms)[0m  [1m[34mSELECT sqlite_version(*)[0m
Processing by Devise::RegistrationsController#new as HTML
  Rendering /home/usertest/.rvm/gems/ruby-2.5.1/gems/devise-4.7.1/app/views/devise/registrations/new.html.erb within layouts/application
  Rendered /home/usertest/.rvm/gems/ruby-2.5.1/gems/devise-4.7.1/app/views/devise/shared/_error_messages.html.erb (Duration: 0.1ms | Allocations: 15)
  Rendered /home/usertest/.rvm/gems/ruby-2.5.1/gems/devise-4.7.1/app/views/devise/shared/_links.html.erb (Duration: 0.4ms | Allocations: 79)
  Rendered /home/usertest/.rvm/gems/ruby-2.5.1/gems/devise-4.7.1/app/views/devise/registrations/new.html.erb within layouts/application (Duration: 16.9ms | Allocations: 1133)
[Webpacker] Everything's up-to-date. Nothing to do
  Rendered shared/_navbar.html.erb (Duration: 0.2ms | Allocations: 99)
Completed 200 OK in 113ms (Views: 111.3ms | ActiveRecord: 0.0ms | Allocations: 7077)


Started POST "/users" for 127.0.0.1 at 2020-06-05 15:14:42 -0300
Processing by Devise::RegistrationsController#create as HTML
  Parameters: {"authenticity_token"=>"pp292oYcThduNwIT+iTs3oPz9+sPyMr3NpgTicNbVz1g7noy48hTMP2vYxaucHLlJ8y/EMwnbCXZc/MMuHACNw==", "user"=>{"email"=>"marco.damaceno@gmail.com", "password"=>"[FILTERED]", "password_confirmation"=>"[FILTERED]"}, "commit"=>"Sign up"}
  [1m[35m (0.1ms)[0m  [1m[36mbegin transaction[0m
  [1m[36mUser Exists? (0.3ms)[0m  [1m[34mSELECT 1 AS one FROM "users" WHERE "users"."email" = ? LIMIT ?[0m  [["email", "marco.damaceno@gmail.com"], ["LIMIT", 1]]
  [1m[36mUser Create (2.2ms)[0m  [1m[32mINSERT INTO "users" ("email", "encrypted_password", "created_at", "updated_at") VALUES (?, ?, ?, ?)[0m  [["email", "marco.damaceno@gmail.com"], ["encrypted_password", "$2a$11$/TXTAXdmLwi6d6Gwi/VANuExK2vhPG8XHe2sV66fC89.2PehHXxtm"], ["created_at", "2020-06-05 18:14:42.526727"], ["updated_at", "2020-06-05 18:14:42.526727"]]
  [1m[35m (172.6ms)[0m  [1m[36mcommit transaction[0m
Redirected to http://127.0.0.1:3000/
Completed 302 Found in 460ms (ActiveRecord: 175.2ms | Allocations: 12741)


Started GET "/" for 127.0.0.1 at 2020-06-05 15:14:42 -0300
Processing by PostsController#index as HTML
  Rendering posts/index.html.erb within layouts/application
  [1m[36mPost Load (0.4ms)[0m  [1m[34mSELECT "posts".* FROM "posts"[0m
  ↳ app/views/posts/index.html.erb:5
  Rendered posts/index.html.erb within layouts/application (Duration: 7.0ms | Allocations: 587)
[Webpacker] Everything's up-to-date. Nothing to do
  [1m[36mUser Load (0.2ms)[0m  [1m[34mSELECT "users".* FROM "users" WHERE "users"."id" = ? ORDER BY "users"."id" ASC LIMIT ?[0m  [["id", 1], ["LIMIT", 1]]
  ↳ app/views/shared/_navbar.html.erb:24
  Rendered shared/_navbar.html.erb (Duration: 7.4ms | Allocations: 1048)
Completed 200 OK in 53ms (Views: 51.4ms | ActiveRecord: 0.6ms | Allocations: 6366)


Started GET "/posts/new" for 127.0.0.1 at 2020-06-05 15:14:47 -0300
Processing by PostsController#new as HTML
  [1m[36mUser Load (0.2ms)[0m  [1m[34mSELECT "users".* FROM "users" WHERE "users"."id" = ? ORDER BY "users"."id" ASC LIMIT ?[0m  [["id", 1], ["LIMIT", 1]]
  Rendering posts/new.html.erb within layouts/application
  Rendered posts/_form.html.erb (Duration: 73.4ms | Allocations: 14539)
  Rendered posts/new.html.erb within layouts/application (Duration: 83.4ms | Allocations: 14864)
[Webpacker] Everything's up-to-date. Nothing to do
  Rendered shared/_navbar.html.erb (Duration: 0.2ms | Allocations: 64)
Completed 200 OK in 567ms (Views: 532.2ms | ActiveRecord: 4.0ms | Allocations: 28666)


Started POST "/posts" for 127.0.0.1 at 2020-06-05 15:19:26 -0300
Processing by PostsController#create as HTML
  Parameters: {"authenticity_token"=>"QUyixrb8YZ5CyC6mu1z7vMmtR5d5G1vkKmeD5pG9pvZ+T3KL/xWYFq/rQ2sBl/D4u/M2vBv6IoMqkOTlgSWNMQ==", "post"=>{"featured_image"=>#<ActionDispatch::Http::UploadedFile:0x00007f1ba40c97e0 @tempfile=#<Tempfile:/tmp/RackMultipart20200605-7500-1oywk2k.JPG>, @original_filename="002 - index.JPG", @content_type="image/jpeg", @headers="Content-Disposition: form-data; name=\"post[featured_image]\"; filename=\"002 - index.JPG\"\r\nContent-Type: image/jpeg\r\n">, "title"=>"Onebitcode - Tutorial - Fazendo um blog simples com Rails e Bulma, em alguns minutos.", "author"=>"Marco Antonio Damaceno", "content"=>"<div>Hoje pude seguir um tutorial simples, bem gostoso de fazer, que o Leonardo Sforza publicou no blog da Onebitcode. Fazendo um blog com rails e bulma, tudo isso em alguns minutos. Coisa simples, conseguir fazer dentro do horário de almoço aqui no Home Office. E então?O que acharam?<br><br>#blog #rails #bulma #ruby #onebitcode #aprendizado #devops<br><br></div>"}, "commit"=>"Criar"}
  [1m[36mUser Load (0.6ms)[0m  [1m[34mSELECT "users".* FROM "users" WHERE "users"."id" = ? ORDER BY "users"."id" ASC LIMIT ?[0m  [["id", 1], ["LIMIT", 1]]
  [1m[35m (0.3ms)[0m  [1m[36mbegin transaction[0m
  ↳ app/controllers/posts_controller.rb:30:in `block in create'
  [1m[36mPost Create (3.1ms)[0m  [1m[32mINSERT INTO "posts" ("title", "author", "created_at", "updated_at") VALUES (?, ?, ?, ?)[0m  [["title", "Onebitcode - Tutorial - Fazendo um blog simples com Rails e Bulma, em alguns minutos."], ["author", "Marco Antonio Damaceno"], ["created_at", "2020-06-05 18:19:26.710763"], ["updated_at", "2020-06-05 18:19:26.710763"]]
  ↳ app/controllers/posts_controller.rb:30:in `block in create'
  [1m[36mActionText::RichText Create (0.5ms)[0m  [1m[32mINSERT INTO "action_text_rich_texts" ("name", "body", "record_type", "record_id", "created_at", "updated_at") VALUES (?, ?, ?, ?, ?, ?)[0m  [["name", "content"], ["body", "<div>Hoje pude seguir um tutorial simples, bem gostoso de fazer, que o Leonardo Sforza publicou no blog da Onebitcode. Fazendo um blog com rails e bulma, tudo isso em alguns minutos. Coisa simples, conseguir fazer dentro do horário de almoço aqui no Home Office. E então?O que acharam?<br><br>#blog #rails #bulma #ruby #onebitcode #aprendizado #devops<br><br></div>"], ["record_type", "Post"], ["record_id", 1], ["created_at", "2020-06-05 18:19:26.801368"], ["updated_at", "2020-06-05 18:19:26.801368"]]
  ↳ app/controllers/posts_controller.rb:30:in `block in create'
  [1m[36mActiveStorage::Attachment Load (0.2ms)[0m  [1m[34mSELECT "active_storage_attachments".* FROM "active_storage_attachments" WHERE "active_storage_attachments"."record_id" = ? AND "active_storage_attachments"."record_type" = ? AND "active_storage_attachments"."name" = ?[0m  [["record_id", 1], ["record_type", "ActionText::RichText"], ["name", "embeds"]]
  ↳ app/controllers/posts_controller.rb:30:in `block in create'
  [1m[36mActiveStorage::Blob Load (0.2ms)[0m  [1m[34mSELECT "active_storage_blobs".* FROM "active_storage_blobs" INNER JOIN "active_storage_attachments" ON "active_storage_blobs"."id" = "active_storage_attachments"."blob_id" WHERE "active_storage_attachments"."record_id" = ? AND "active_storage_attachments"."record_type" = ? AND "active_storage_attachments"."name" = ? LIMIT ?[0m  [["record_id", 1], ["record_type", "Post"], ["name", "featured_image"], ["LIMIT", 1]]
  ↳ app/controllers/posts_controller.rb:30:in `block in create'
  [1m[36mActiveStorage::Attachment Load (0.2ms)[0m  [1m[34mSELECT "active_storage_attachments".* FROM "active_storage_attachments" WHERE "active_storage_attachments"."record_id" = ? AND "active_storage_attachments"."record_type" = ? AND "active_storage_attachments"."name" = ? LIMIT ?[0m  [["record_id", 1], ["record_type", "Post"], ["name", "featured_image"], ["LIMIT", 1]]
  ↳ app/controllers/posts_controller.rb:30:in `block in create'
  [1m[36mActiveStorage::Blob Create (23.5ms)[0m  [1m[32mINSERT INTO "active_storage_blobs" ("key", "filename", "content_type", "metadata", "byte_size", "checksum", "created_at") VALUES (?, ?, ?, ?, ?, ?, ?)[0m  [["key", "2mzh4ylspvuk9pizo5hjztaoznqi"], ["filename", "002 - index.JPG"], ["content_type", "image/jpeg"], ["metadata", "{\"identified\":true}"], ["byte_size", 36013], ["checksum", "rhW/M2/+d5GTArCmXY+6Yw=="], ["created_at", "2020-06-05 18:19:26.956036"]]
  ↳ app/controllers/posts_controller.rb:30:in `block in create'
  [1m[36mActiveStorage::Attachment Create (0.5ms)[0m  [1m[32mINSERT INTO "active_storage_attachments" ("name", "record_type", "record_id", "blob_id", "created_at") VALUES (?, ?, ?, ?, ?)[0m  [["name", "featured_image"], ["record_type", "Post"], ["record_id", 1], ["blob_id", 1], ["created_at", "2020-06-05 18:19:26.993062"]]
  ↳ app/controllers/posts_controller.rb:30:in `block in create'
  [1m[36mPost Update (32.0ms)[0m  [1m[33mUPDATE "posts" SET "updated_at" = ? WHERE "posts"."id" = ?[0m  [["updated_at", "2020-06-05 18:19:27.010467"], ["id", 1]]
  ↳ app/controllers/posts_controller.rb:30:in `block in create'
  [1m[35m (253.6ms)[0m  [1m[36mcommit transaction[0m
  ↳ app/controllers/posts_controller.rb:30:in `block in create'
[36m  Disk Storage (30.0ms) [0m[32mUploaded file to key: 2mzh4ylspvuk9pizo5hjztaoznqi (checksum: rhW/M2/+d5GTArCmXY+6Yw==)[0m
[ActiveJob] Enqueued ActiveStorage::AnalyzeJob (Job ID: 9e58b357-9a0b-4faa-be43-b4a9d0bf4ceb) to Async(active_storage_analysis) with arguments: #<GlobalID:0x00007f1ba0501140 @uri=#<URI::GID gid://blog-bulma/ActiveStorage::Blob/1>>
Redirected to http://127.0.0.1:3000/posts/1
  [1m[35m (0.2ms)[0m  [1m[34mSELECT sqlite_version(*)[0m
Completed 302 Found in 700ms (ActiveRecord: 316.4ms | Allocations: 77443)


  [1m[36mActiveStorage::Blob Load (0.6ms)[0m  [1m[34mSELECT "active_storage_blobs".* FROM "active_storage_blobs" WHERE "active_storage_blobs"."id" = ? LIMIT ?[0m  [["id", 1], ["LIMIT", 1]]
[ActiveJob] [ActiveStorage::AnalyzeJob] [9e58b357-9a0b-4faa-be43-b4a9d0bf4ceb] Performing ActiveStorage::AnalyzeJob (Job ID: 9e58b357-9a0b-4faa-be43-b4a9d0bf4ceb) from Async(active_storage_analysis) enqueued at 2020-06-05T18:19:27Z with arguments: #<GlobalID:0x00007f1ba04a6f10 @uri=#<URI::GID gid://blog-bulma/ActiveStorage::Blob/1>>
Started GET "/posts/1" for 127.0.0.1 at 2020-06-05 15:19:27 -0300
Processing by PostsController#show as HTML
  Parameters: {"id"=>"1"}
  [1m[36mUser Load (0.2ms)[0m  [1m[34mSELECT "users".* FROM "users" WHERE "users"."id" = ? ORDER BY "users"."id" ASC LIMIT ?[0m  [["id", 1], ["LIMIT", 1]]
  [1m[36mPost Load (0.7ms)[0m  [1m[34mSELECT "posts".* FROM "posts" WHERE "posts"."id" = ? LIMIT ?[0m  [["id", 1], ["LIMIT", 1]]
  ↳ app/controllers/posts_controller.rb:67:in `set_post'
[ActiveJob] [ActiveStorage::AnalyzeJob] [9e58b357-9a0b-4faa-be43-b4a9d0bf4ceb] [36m  Disk Storage (22.0ms) [0m[34mDownloaded file from key: 2mzh4ylspvuk9pizo5hjztaoznqi[0m
  Rendering posts/show.html.erb within layouts/application
  [1m[36mActiveStorage::Attachment Load (0.2ms)[0m  [1m[34mSELECT "active_storage_attachments".* FROM "active_storage_attachments" WHERE "active_storage_attachments"."record_id" = ? AND "active_storage_attachments"."record_type" = ? AND "active_storage_attachments"."name" = ? LIMIT ?[0m  [["record_id", 1], ["record_type", "Post"], ["name", "featured_image"], ["LIMIT", 1]]
  ↳ app/views/posts/show.html.erb:3
  [1m[36mActiveStorage::Blob Load (0.3ms)[0m  [1m[34mSELECT "active_storage_blobs".* FROM "active_storage_blobs" WHERE "active_storage_blobs"."id" = ? LIMIT ?[0m  [["id", 1], ["LIMIT", 1]]
  ↳ app/views/posts/show.html.erb:3
  [1m[36mActionText::RichText Load (0.3ms)[0m  [1m[34mSELECT "action_text_rich_texts".* FROM "action_text_rich_texts" WHERE "action_text_rich_texts"."record_id" = ? AND "action_text_rich_texts"."record_type" = ? AND "action_text_rich_texts"."name" = ? LIMIT ?[0m  [["record_id", 1], ["record_type", "Post"], ["name", "content"], ["LIMIT", 1]]
  ↳ app/views/posts/show.html.erb:9
  Rendered /home/usertest/.rvm/gems/ruby-2.5.1/gems/actiontext-6.0.2.2/app/views/action_text/content/_layout.html.erb (Duration: 5.3ms | Allocations: 561)
  Rendered posts/show.html.erb within layouts/application (Duration: 75.2ms | Allocations: 7758)
[Webpacker] Everything's up-to-date. Nothing to do
  Rendered shared/_navbar.html.erb (Duration: 0.2ms | Allocations: 72)
Completed 200 OK in 173ms (Views: 140.6ms | ActiveRecord: 1.8ms | Allocations: 20201)


[ActiveJob] [ActiveStorage::AnalyzeJob] [9e58b357-9a0b-4faa-be43-b4a9d0bf4ceb] Skipping image analysis because ImageMagick doesn't support the file
[ActiveJob] [ActiveStorage::AnalyzeJob] [9e58b357-9a0b-4faa-be43-b4a9d0bf4ceb]   [1m[35m (0.3ms)[0m  [1m[36mbegin transaction[0m
[ActiveJob] [ActiveStorage::AnalyzeJob] [9e58b357-9a0b-4faa-be43-b4a9d0bf4ceb]   [1m[36mActiveStorage::Blob Update (2.7ms)[0m  [1m[33mUPDATE "active_storage_blobs" SET "metadata" = ? WHERE "active_storage_blobs"."id" = ?[0m  [["metadata", "{\"identified\":true,\"analyzed\":true}"], ["id", 1]]
[ActiveJob] [ActiveStorage::AnalyzeJob] [9e58b357-9a0b-4faa-be43-b4a9d0bf4ceb]   [1m[35m (253.6ms)[0m  [1m[36mcommit transaction[0m
[ActiveJob] [ActiveStorage::AnalyzeJob] [9e58b357-9a0b-4faa-be43-b4a9d0bf4ceb] Performed ActiveStorage::AnalyzeJob (Job ID: 9e58b357-9a0b-4faa-be43-b4a9d0bf4ceb) from Async(active_storage_analysis) in 558.29ms
Started GET "/rails/active_storage/blobs/eyJfcmFpbHMiOnsibWVzc2FnZSI6IkJBaHBCZz09IiwiZXhwIjpudWxsLCJwdXIiOiJibG9iX2lkIn19--d6d3499b3203bde6cd6d246cd23edb575d2bf7f9/002%20-%20index.JPG" for 127.0.0.1 at 2020-06-05 15:19:28 -0300
Processing by ActiveStorage::BlobsController#show as 
  Parameters: {"signed_id"=>"eyJfcmFpbHMiOnsibWVzc2FnZSI6IkJBaHBCZz09IiwiZXhwIjpudWxsLCJwdXIiOiJibG9iX2lkIn19--d6d3499b3203bde6cd6d246cd23edb575d2bf7f9", "filename"=>"002 - index"}
  [1m[36mActiveStorage::Blob Load (1.4ms)[0m  [1m[34mSELECT "active_storage_blobs".* FROM "active_storage_blobs" WHERE "active_storage_blobs"."id" = ? LIMIT ?[0m  [["id", 1], ["LIMIT", 1]]
[36m  Disk Storage (2.6ms) [0m[34mGenerated URL for file at key: 2mzh4ylspvuk9pizo5hjztaoznqi (http://127.0.0.1:3000/rails/active_storage/disk/eyJfcmFpbHMiOnsibWVzc2FnZSI6IkJBaDdDRG9JYTJWNVNTSWhNbTE2YURSNWJITndkblZyT1hCcGVtODFhR3A2ZEdGdmVtNXhhUVk2QmtWVU9oQmthWE53YjNOcGRHbHZia2tpVFdsdWJHbHVaVHNnWm1sc1pXNWhiV1U5SWpBd01pQXRJR2x1WkdWNExrcFFSeUk3SUdacGJHVnVZVzFsS2oxVlZFWXRPQ2NuTURBeUpUSXdMU1V5TUdsdVpHVjRMa3BRUndZN0JsUTZFV052Ym5SbGJuUmZkSGx3WlVraUQybHRZV2RsTDJwd1pXY0dPd1pVIiwiZXhwIjoiMjAyMC0wNi0wNVQxODoyNDoyOC4yOTFaIiwicHVyIjoiYmxvYl9rZXkifX0=--2da6b1e4ea8407bed6a404c167d7f290fb6e8def/002%20-%20index.JPG?content_type=image%2Fjpeg&disposition=inline%3B+filename%3D%22002+-+index.JPG%22%3B+filename%2A%3DUTF-8%27%27002%2520-%2520index.JPG)[0m
Redirected to http://127.0.0.1:3000/rails/active_storage/disk/eyJfcmFpbHMiOnsibWVzc2FnZSI6IkJBaDdDRG9JYTJWNVNTSWhNbTE2YURSNWJITndkblZyT1hCcGVtODFhR3A2ZEdGdmVtNXhhUVk2QmtWVU9oQmthWE53YjNOcGRHbHZia2tpVFdsdWJHbHVaVHNnWm1sc1pXNWhiV1U5SWpBd01pQXRJR2x1WkdWNExrcFFSeUk3SUdacGJHVnVZVzFsS2oxVlZFWXRPQ2NuTURBeUpUSXdMU1V5TUdsdVpHVjRMa3BRUndZN0JsUTZFV052Ym5SbGJuUmZkSGx3WlVraUQybHRZV2RsTDJwd1pXY0dPd1pVIiwiZXhwIjoiMjAyMC0wNi0wNVQxODoyNDoyOC4yOTFaIiwicHVyIjoiYmxvYl9rZXkifX0=--2da6b1e4ea8407bed6a404c167d7f290fb6e8def/002%20-%20index.JPG?content_type=image%2Fjpeg&disposition=inline%3B+filename%3D%22002+-+index.JPG%22%3B+filename%2A%3DUTF-8%27%27002%2520-%2520index.JPG
Completed 302 Found in 99ms (ActiveRecord: 1.4ms | Allocations: 2702)


Started GET "/rails/active_storage/disk/eyJfcmFpbHMiOnsibWVzc2FnZSI6IkJBaDdDRG9JYTJWNVNTSWhNbTE2YURSNWJITndkblZyT1hCcGVtODFhR3A2ZEdGdmVtNXhhUVk2QmtWVU9oQmthWE53YjNOcGRHbHZia2tpVFdsdWJHbHVaVHNnWm1sc1pXNWhiV1U5SWpBd01pQXRJR2x1WkdWNExrcFFSeUk3SUdacGJHVnVZVzFsS2oxVlZFWXRPQ2NuTURBeUpUSXdMU1V5TUdsdVpHVjRMa3BRUndZN0JsUTZFV052Ym5SbGJuUmZkSGx3WlVraUQybHRZV2RsTDJwd1pXY0dPd1pVIiwiZXhwIjoiMjAyMC0wNi0wNVQxODoyNDoyOC4yOTFaIiwicHVyIjoiYmxvYl9rZXkifX0=--2da6b1e4ea8407bed6a404c167d7f290fb6e8def/002%20-%20index.JPG?content_type=image%2Fjpeg&disposition=inline%3B+filename%3D%22002+-+index.JPG%22%3B+filename%2A%3DUTF-8%27%27002%2520-%2520index.JPG" for 127.0.0.1 at 2020-06-05 15:19:28 -0300
Processing by ActiveStorage::DiskController#show as 
  Parameters: {"content_type"=>"image/jpeg", "disposition"=>"inline; filename=\"002 - index.JPG\"; filename*=UTF-8''002%20-%20index.JPG", "encoded_key"=>"eyJfcmFpbHMiOnsibWVzc2FnZSI6IkJBaDdDRG9JYTJWNVNTSWhNbTE2YURSNWJITndkblZyT1hCcGVtODFhR3A2ZEdGdmVtNXhhUVk2QmtWVU9oQmthWE53YjNOcGRHbHZia2tpVFdsdWJHbHVaVHNnWm1sc1pXNWhiV1U5SWpBd01pQXRJR2x1WkdWNExrcFFSeUk3SUdacGJHVnVZVzFsS2oxVlZFWXRPQ2NuTURBeUpUSXdMU1V5TUdsdVpHVjRMa3BRUndZN0JsUTZFV052Ym5SbGJuUmZkSGx3WlVraUQybHRZV2RsTDJwd1pXY0dPd1pVIiwiZXhwIjoiMjAyMC0wNi0wNVQxODoyNDoyOC4yOTFaIiwicHVyIjoiYmxvYl9rZXkifX0=--2da6b1e4ea8407bed6a404c167d7f290fb6e8def", "filename"=>"002 - index"}
Completed 200 OK in 11ms (ActiveRecord: 0.0ms | Allocations: 470)


Started GET "/" for ::1 at 2020-06-05 15:21:14 -0300
Processing by PostsController#index as HTML
  Rendering posts/index.html.erb within layouts/application
  [1m[36mPost Load (0.9ms)[0m  [1m[34mSELECT "posts".* FROM "posts"[0m
  ↳ app/views/posts/index.html.erb:5
  [1m[36mActiveStorage::Attachment Load (0.4ms)[0m  [1m[34mSELECT "active_storage_attachments".* FROM "active_storage_attachments" WHERE "active_storage_attachments"."record_id" = ? AND "active_storage_attachments"."record_type" = ? AND "active_storage_attachments"."name" = ? LIMIT ?[0m  [["record_id", 1], ["record_type", "Post"], ["name", "featured_image"], ["LIMIT", 1]]
  ↳ app/views/posts/index.html.erb:11
  [1m[36mActiveStorage::Blob Load (0.3ms)[0m  [1m[34mSELECT "active_storage_blobs".* FROM "active_storage_blobs" WHERE "active_storage_blobs"."id" = ? LIMIT ?[0m  [["id", 1], ["LIMIT", 1]]
  ↳ app/views/posts/index.html.erb:11
  Rendered posts/index.html.erb within layouts/application (Duration: 262.1ms | Allocations: 2710)
[Webpacker] Everything's up-to-date. Nothing to do
  Rendered shared/_navbar.html.erb (Duration: 0.4ms | Allocations: 131)
Completed 200 OK in 930ms (Views: 927.4ms | ActiveRecord: 1.5ms | Allocations: 11315)


Started GET "/rails/active_storage/blobs/eyJfcmFpbHMiOnsibWVzc2FnZSI6IkJBaHBCZz09IiwiZXhwIjpudWxsLCJwdXIiOiJibG9iX2lkIn19--d6d3499b3203bde6cd6d246cd23edb575d2bf7f9/002%20-%20index.JPG" for ::1 at 2020-06-05 15:21:17 -0300
Processing by ActiveStorage::BlobsController#show as 
  Parameters: {"signed_id"=>"eyJfcmFpbHMiOnsibWVzc2FnZSI6IkJBaHBCZz09IiwiZXhwIjpudWxsLCJwdXIiOiJibG9iX2lkIn19--d6d3499b3203bde6cd6d246cd23edb575d2bf7f9", "filename"=>"002 - index"}
  [1m[36mActiveStorage::Blob Load (0.4ms)[0m  [1m[34mSELECT "active_storage_blobs".* FROM "active_storage_blobs" WHERE "active_storage_blobs"."id" = ? LIMIT ?[0m  [["id", 1], ["LIMIT", 1]]
[36m  Disk Storage (4.7ms) [0m[34mGenerated URL for file at key: 2mzh4ylspvuk9pizo5hjztaoznqi (http://localhost:3000/rails/active_storage/disk/eyJfcmFpbHMiOnsibWVzc2FnZSI6IkJBaDdDRG9JYTJWNVNTSWhNbTE2YURSNWJITndkblZyT1hCcGVtODFhR3A2ZEdGdmVtNXhhUVk2QmtWVU9oQmthWE53YjNOcGRHbHZia2tpVFdsdWJHbHVaVHNnWm1sc1pXNWhiV1U5SWpBd01pQXRJR2x1WkdWNExrcFFSeUk3SUdacGJHVnVZVzFsS2oxVlZFWXRPQ2NuTURBeUpUSXdMU1V5TUdsdVpHVjRMa3BRUndZN0JsUTZFV052Ym5SbGJuUmZkSGx3WlVraUQybHRZV2RsTDJwd1pXY0dPd1pVIiwiZXhwIjoiMjAyMC0wNi0wNVQxODoyNjoxNy40NTNaIiwicHVyIjoiYmxvYl9rZXkifX0=--4d1e2f10405f0ff11bf0baeb3c5f130883bc74af/002%20-%20index.JPG?content_type=image%2Fjpeg&disposition=inline%3B+filename%3D%22002+-+index.JPG%22%3B+filename%2A%3DUTF-8%27%27002%2520-%2520index.JPG)[0m
Redirected to http://localhost:3000/rails/active_storage/disk/eyJfcmFpbHMiOnsibWVzc2FnZSI6IkJBaDdDRG9JYTJWNVNTSWhNbTE2YURSNWJITndkblZyT1hCcGVtODFhR3A2ZEdGdmVtNXhhUVk2QmtWVU9oQmthWE53YjNOcGRHbHZia2tpVFdsdWJHbHVaVHNnWm1sc1pXNWhiV1U5SWpBd01pQXRJR2x1WkdWNExrcFFSeUk3SUdacGJHVnVZVzFsS2oxVlZFWXRPQ2NuTURBeUpUSXdMU1V5TUdsdVpHVjRMa3BRUndZN0JsUTZFV052Ym5SbGJuUmZkSGx3WlVraUQybHRZV2RsTDJwd1pXY0dPd1pVIiwiZXhwIjoiMjAyMC0wNi0wNVQxODoyNjoxNy40NTNaIiwicHVyIjoiYmxvYl9rZXkifX0=--4d1e2f10405f0ff11bf0baeb3c5f130883bc74af/002%20-%20index.JPG?content_type=image%2Fjpeg&disposition=inline%3B+filename%3D%22002+-+index.JPG%22%3B+filename%2A%3DUTF-8%27%27002%2520-%2520index.JPG
Completed 302 Found in 25ms (ActiveRecord: 0.4ms | Allocations: 1867)


Started GET "/rails/active_storage/disk/eyJfcmFpbHMiOnsibWVzc2FnZSI6IkJBaDdDRG9JYTJWNVNTSWhNbTE2YURSNWJITndkblZyT1hCcGVtODFhR3A2ZEdGdmVtNXhhUVk2QmtWVU9oQmthWE53YjNOcGRHbHZia2tpVFdsdWJHbHVaVHNnWm1sc1pXNWhiV1U5SWpBd01pQXRJR2x1WkdWNExrcFFSeUk3SUdacGJHVnVZVzFsS2oxVlZFWXRPQ2NuTURBeUpUSXdMU1V5TUdsdVpHVjRMa3BRUndZN0JsUTZFV052Ym5SbGJuUmZkSGx3WlVraUQybHRZV2RsTDJwd1pXY0dPd1pVIiwiZXhwIjoiMjAyMC0wNi0wNVQxODoyNjoxNy40NTNaIiwicHVyIjoiYmxvYl9rZXkifX0=--4d1e2f10405f0ff11bf0baeb3c5f130883bc74af/002%20-%20index.JPG?content_type=image%2Fjpeg&disposition=inline%3B+filename%3D%22002+-+index.JPG%22%3B+filename%2A%3DUTF-8%27%27002%2520-%2520index.JPG" for ::1 at 2020-06-05 15:21:17 -0300
Processing by ActiveStorage::DiskController#show as 
  Parameters: {"content_type"=>"image/jpeg", "disposition"=>"inline; filename=\"002 - index.JPG\"; filename*=UTF-8''002%20-%20index.JPG", "encoded_key"=>"eyJfcmFpbHMiOnsibWVzc2FnZSI6IkJBaDdDRG9JYTJWNVNTSWhNbTE2YURSNWJITndkblZyT1hCcGVtODFhR3A2ZEdGdmVtNXhhUVk2QmtWVU9oQmthWE53YjNOcGRHbHZia2tpVFdsdWJHbHVaVHNnWm1sc1pXNWhiV1U5SWpBd01pQXRJR2x1WkdWNExrcFFSeUk3SUdacGJHVnVZVzFsS2oxVlZFWXRPQ2NuTURBeUpUSXdMU1V5TUdsdVpHVjRMa3BRUndZN0JsUTZFV052Ym5SbGJuUmZkSGx3WlVraUQybHRZV2RsTDJwd1pXY0dPd1pVIiwiZXhwIjoiMjAyMC0wNi0wNVQxODoyNjoxNy40NTNaIiwicHVyIjoiYmxvYl9rZXkifX0=--4d1e2f10405f0ff11bf0baeb3c5f130883bc74af", "filename"=>"002 - index"}
Completed 200 OK in 2ms (ActiveRecord: 0.0ms | Allocations: 439)


Started GET "/users/sign_in" for ::1 at 2020-06-05 15:21:24 -0300
Processing by Devise::SessionsController#new as HTML
  Rendering /home/usertest/.rvm/gems/ruby-2.5.1/gems/devise-4.7.1/app/views/devise/sessions/new.html.erb within layouts/application
  Rendered /home/usertest/.rvm/gems/ruby-2.5.1/gems/devise-4.7.1/app/views/devise/shared/_links.html.erb (Duration: 0.4ms | Allocations: 223)
  Rendered /home/usertest/.rvm/gems/ruby-2.5.1/gems/devise-4.7.1/app/views/devise/sessions/new.html.erb within layouts/application (Duration: 10.5ms | Allocations: 2036)
[Webpacker] Everything's up-to-date. Nothing to do
  Rendered shared/_navbar.html.erb (Duration: 0.2ms | Allocations: 100)
Completed 200 OK in 146ms (Views: 144.5ms | ActiveRecord: 0.0ms | Allocations: 9271)


Started POST "/users/sign_in" for ::1 at 2020-06-05 15:21:30 -0300
Processing by Devise::SessionsController#create as HTML
  Parameters: {"authenticity_token"=>"HBH7dEjuC3bvK0EgCgCW9L/rflp/5iQvYZWvo32FUhakpNBW0WVL8okidxNgj3hT8p/uqIMoPiP5UvFlOSH1Hg==", "user"=>{"email"=>"marco.damaceno@gmail.com", "password"=>"[FILTERED]", "remember_me"=>"0"}, "commit"=>"Log in"}
  [1m[36mUser Load (1.2ms)[0m  [1m[34mSELECT "users".* FROM "users" WHERE "users"."email" = ? ORDER BY "users"."id" ASC LIMIT ?[0m  [["email", "marco.damaceno@gmail.com"], ["LIMIT", 1]]
Redirected to http://localhost:3000/
Completed 302 Found in 174ms (ActiveRecord: 1.2ms | Allocations: 3407)


Started GET "/" for ::1 at 2020-06-05 15:21:31 -0300
Processing by PostsController#index as HTML
  Rendering posts/index.html.erb within layouts/application
  [1m[36mPost Load (0.3ms)[0m  [1m[34mSELECT "posts".* FROM "posts"[0m
  ↳ app/views/posts/index.html.erb:5
  [1m[36mActiveStorage::Attachment Load (0.8ms)[0m  [1m[34mSELECT "active_storage_attachments".* FROM "active_storage_attachments" WHERE "active_storage_attachments"."record_id" = ? AND "active_storage_attachments"."record_type" = ? AND "active_storage_attachments"."name" = ? LIMIT ?[0m  [["record_id", 1], ["record_type", "Post"], ["name", "featured_image"], ["LIMIT", 1]]
  ↳ app/views/posts/index.html.erb:11
  [1m[36mActiveStorage::Blob Load (0.5ms)[0m  [1m[34mSELECT "active_storage_blobs".* FROM "active_storage_blobs" WHERE "active_storage_blobs"."id" = ? LIMIT ?[0m  [["id", 1], ["LIMIT", 1]]
  ↳ app/views/posts/index.html.erb:11
  Rendered posts/index.html.erb within layouts/application (Duration: 35.8ms | Allocations: 2670)
[Webpacker] Everything's up-to-date. Nothing to do
  [1m[36mUser Load (0.3ms)[0m  [1m[34mSELECT "users".* FROM "users" WHERE "users"."id" = ? ORDER BY "users"."id" ASC LIMIT ?[0m  [["id", 1], ["LIMIT", 1]]
  ↳ app/views/shared/_navbar.html.erb:24
  Rendered shared/_navbar.html.erb (Duration: 4.1ms | Allocations: 958)
Completed 200 OK in 72ms (Views: 68.7ms | ActiveRecord: 1.8ms | Allocations: 8057)


Started GET "/rails/active_storage/disk/eyJfcmFpbHMiOnsibWVzc2FnZSI6IkJBaDdDRG9JYTJWNVNTSWhNbTE2YURSNWJITndkblZyT1hCcGVtODFhR3A2ZEdGdmVtNXhhUVk2QmtWVU9oQmthWE53YjNOcGRHbHZia2tpVFdsdWJHbHVaVHNnWm1sc1pXNWhiV1U5SWpBd01pQXRJR2x1WkdWNExrcFFSeUk3SUdacGJHVnVZVzFsS2oxVlZFWXRPQ2NuTURBeUpUSXdMU1V5TUdsdVpHVjRMa3BRUndZN0JsUTZFV052Ym5SbGJuUmZkSGx3WlVraUQybHRZV2RsTDJwd1pXY0dPd1pVIiwiZXhwIjoiMjAyMC0wNi0wNVQxODoyNjoxNy40NTNaIiwicHVyIjoiYmxvYl9rZXkifX0=--4d1e2f10405f0ff11bf0baeb3c5f130883bc74af/002%20-%20index.JPG?content_type=image%2Fjpeg&disposition=inline%3B+filename%3D%22002+-+index.JPG%22%3B+filename%2A%3DUTF-8%27%27002%2520-%2520index.JPG" for ::1 at 2020-06-05 15:21:31 -0300
Processing by ActiveStorage::DiskController#show as 
  Parameters: {"content_type"=>"image/jpeg", "disposition"=>"inline; filename=\"002 - index.JPG\"; filename*=UTF-8''002%20-%20index.JPG", "encoded_key"=>"eyJfcmFpbHMiOnsibWVzc2FnZSI6IkJBaDdDRG9JYTJWNVNTSWhNbTE2YURSNWJITndkblZyT1hCcGVtODFhR3A2ZEdGdmVtNXhhUVk2QmtWVU9oQmthWE53YjNOcGRHbHZia2tpVFdsdWJHbHVaVHNnWm1sc1pXNWhiV1U5SWpBd01pQXRJR2x1WkdWNExrcFFSeUk3SUdacGJHVnVZVzFsS2oxVlZFWXRPQ2NuTURBeUpUSXdMU1V5TUdsdVpHVjRMa3BRUndZN0JsUTZFV052Ym5SbGJuUmZkSGx3WlVraUQybHRZV2RsTDJwd1pXY0dPd1pVIiwiZXhwIjoiMjAyMC0wNi0wNVQxODoyNjoxNy40NTNaIiwicHVyIjoiYmxvYl9rZXkifX0=--4d1e2f10405f0ff11bf0baeb3c5f130883bc74af", "filename"=>"002 - index"}
Completed 304 Not Modified in 2ms (ActiveRecord: 0.0ms | Allocations: 456)


Started GET "/posts/1" for ::1 at 2020-06-05 15:21:35 -0300
Processing by PostsController#show as HTML
  Parameters: {"id"=>"1"}
  [1m[36mUser Load (0.4ms)[0m  [1m[34mSELECT "users".* FROM "users" WHERE "users"."id" = ? ORDER BY "users"."id" ASC LIMIT ?[0m  [["id", 1], ["LIMIT", 1]]
  [1m[36mPost Load (0.8ms)[0m  [1m[34mSELECT "posts".* FROM "posts" WHERE "posts"."id" = ? LIMIT ?[0m  [["id", 1], ["LIMIT", 1]]
  ↳ app/controllers/posts_controller.rb:67:in `set_post'
  Rendering posts/show.html.erb within layouts/application
  [1m[36mActiveStorage::Attachment Load (0.3ms)[0m  [1m[34mSELECT "active_storage_attachments".* FROM "active_storage_attachments" WHERE "active_storage_attachments"."record_id" = ? AND "active_storage_attachments"."record_type" = ? AND "active_storage_attachments"."name" = ? LIMIT ?[0m  [["record_id", 1], ["record_type", "Post"], ["name", "featured_image"], ["LIMIT", 1]]
  ↳ app/views/posts/show.html.erb:3
  [1m[36mActiveStorage::Blob Load (0.2ms)[0m  [1m[34mSELECT "active_storage_blobs".* FROM "active_storage_blobs" WHERE "active_storage_blobs"."id" = ? LIMIT ?[0m  [["id", 1], ["LIMIT", 1]]
  ↳ app/views/posts/show.html.erb:3
  [1m[36mActionText::RichText Load (0.3ms)[0m  [1m[34mSELECT "action_text_rich_texts".* FROM "action_text_rich_texts" WHERE "action_text_rich_texts"."record_id" = ? AND "action_text_rich_texts"."record_type" = ? AND "action_text_rich_texts"."name" = ? LIMIT ?[0m  [["record_id", 1], ["record_type", "Post"], ["name", "content"], ["LIMIT", 1]]
  ↳ app/views/posts/show.html.erb:9
  Rendered /home/usertest/.rvm/gems/ruby-2.5.1/gems/actiontext-6.0.2.2/app/views/action_text/content/_layout.html.erb (Duration: 0.6ms | Allocations: 334)
  Rendered posts/show.html.erb within layouts/application (Duration: 36.7ms | Allocations: 3666)
[Webpacker] Everything's up-to-date. Nothing to do
  Rendered shared/_navbar.html.erb (Duration: 0.2ms | Allocations: 63)
Completed 200 OK in 97ms (Views: 64.2ms | ActiveRecord: 2.1ms | Allocations: 9980)


Started GET "/" for ::1 at 2020-06-05 15:42:36 -0300
  [1m[35m (1.8ms)[0m  [1m[34mSELECT sqlite_version(*)[0m
  [1m[35m (0.3ms)[0m  [1m[34mSELECT "schema_migrations"."version" FROM "schema_migrations" ORDER BY "schema_migrations"."version" ASC[0m
Processing by PostsController#index as HTML
  Rendering posts/index.html.erb within layouts/application
  [1m[36mPost Load (1.1ms)[0m  [1m[34mSELECT "posts".* FROM "posts"[0m
  ↳ app/views/posts/index.html.erb:5
  [1m[36mActiveStorage::Attachment Load (0.3ms)[0m  [1m[34mSELECT "active_storage_attachments".* FROM "active_storage_attachments" WHERE "active_storage_attachments"."record_id" = ? AND "active_storage_attachments"."record_type" = ? AND "active_storage_attachments"."name" = ? LIMIT ?[0m  [["record_id", 1], ["record_type", "Post"], ["name", "featured_image"], ["LIMIT", 1]]
  ↳ app/views/posts/index.html.erb:11
  [1m[36mActiveStorage::Blob Load (0.4ms)[0m  [1m[34mSELECT "active_storage_blobs".* FROM "active_storage_blobs" WHERE "active_storage_blobs"."id" = ? LIMIT ?[0m  [["id", 1], ["LIMIT", 1]]
  ↳ app/views/posts/index.html.erb:11
  Rendered posts/index.html.erb within layouts/application (Duration: 143.5ms | Allocations: 31141)
[Webpacker] Everything's up-to-date. Nothing to do
  Rendered shared/_navbar.html.erb (Duration: 2.7ms | Allocations: 377)
Completed 200 OK in 288ms (Views: 256.5ms | ActiveRecord: 8.2ms | Allocations: 44072)


Started GET "/rails/active_storage/blobs/eyJfcmFpbHMiOnsibWVzc2FnZSI6IkJBaHBCZz09IiwiZXhwIjpudWxsLCJwdXIiOiJibG9iX2lkIn19--d6d3499b3203bde6cd6d246cd23edb575d2bf7f9/002%20-%20index.JPG" for ::1 at 2020-06-05 15:42:37 -0300
Processing by ActiveStorage::BlobsController#show as 
  Parameters: {"signed_id"=>"eyJfcmFpbHMiOnsibWVzc2FnZSI6IkJBaHBCZz09IiwiZXhwIjpudWxsLCJwdXIiOiJibG9iX2lkIn19--d6d3499b3203bde6cd6d246cd23edb575d2bf7f9", "filename"=>"002 - index"}
  [1m[36mActiveStorage::Blob Load (1.1ms)[0m  [1m[34mSELECT "active_storage_blobs".* FROM "active_storage_blobs" WHERE "active_storage_blobs"."id" = ? LIMIT ?[0m  [["id", 1], ["LIMIT", 1]]
[36m  Disk Storage (79.9ms) [0m[34mGenerated URL for file at key: 2mzh4ylspvuk9pizo5hjztaoznqi (http://localhost:3000/rails/active_storage/disk/eyJfcmFpbHMiOnsibWVzc2FnZSI6IkJBaDdDRG9JYTJWNVNTSWhNbTE2YURSNWJITndkblZyT1hCcGVtODFhR3A2ZEdGdmVtNXhhUVk2QmtWVU9oQmthWE53YjNOcGRHbHZia2tpVFdsdWJHbHVaVHNnWm1sc1pXNWhiV1U5SWpBd01pQXRJR2x1WkdWNExrcFFSeUk3SUdacGJHVnVZVzFsS2oxVlZFWXRPQ2NuTURBeUpUSXdMU1V5TUdsdVpHVjRMa3BRUndZN0JsUTZFV052Ym5SbGJuUmZkSGx3WlVraUQybHRZV2RsTDJwd1pXY0dPd1pVIiwiZXhwIjoiMjAyMC0wNi0wNVQxODo0NzozOC4wOTJaIiwicHVyIjoiYmxvYl9rZXkifX0=--8501caf75f328458ff4219826172fb550d170e19/002%20-%20index.JPG?content_type=image%2Fjpeg&disposition=inline%3B+filename%3D%22002+-+index.JPG%22%3B+filename%2A%3DUTF-8%27%27002%2520-%2520index.JPG)[0m
Redirected to http://localhost:3000/rails/active_storage/disk/eyJfcmFpbHMiOnsibWVzc2FnZSI6IkJBaDdDRG9JYTJWNVNTSWhNbTE2YURSNWJITndkblZyT1hCcGVtODFhR3A2ZEdGdmVtNXhhUVk2QmtWVU9oQmthWE53YjNOcGRHbHZia2tpVFdsdWJHbHVaVHNnWm1sc1pXNWhiV1U5SWpBd01pQXRJR2x1WkdWNExrcFFSeUk3SUdacGJHVnVZVzFsS2oxVlZFWXRPQ2NuTURBeUpUSXdMU1V5TUdsdVpHVjRMa3BRUndZN0JsUTZFV052Ym5SbGJuUmZkSGx3WlVraUQybHRZV2RsTDJwd1pXY0dPd1pVIiwiZXhwIjoiMjAyMC0wNi0wNVQxODo0NzozOC4wOTJaIiwicHVyIjoiYmxvYl9rZXkifX0=--8501caf75f328458ff4219826172fb550d170e19/002%20-%20index.JPG?content_type=image%2Fjpeg&disposition=inline%3B+filename%3D%22002+-+index.JPG%22%3B+filename%2A%3DUTF-8%27%27002%2520-%2520index.JPG
Completed 302 Found in 138ms (ActiveRecord: 1.1ms | Allocations: 4691)


Started GET "/rails/active_storage/disk/eyJfcmFpbHMiOnsibWVzc2FnZSI6IkJBaDdDRG9JYTJWNVNTSWhNbTE2YURSNWJITndkblZyT1hCcGVtODFhR3A2ZEdGdmVtNXhhUVk2QmtWVU9oQmthWE53YjNOcGRHbHZia2tpVFdsdWJHbHVaVHNnWm1sc1pXNWhiV1U5SWpBd01pQXRJR2x1WkdWNExrcFFSeUk3SUdacGJHVnVZVzFsS2oxVlZFWXRPQ2NuTURBeUpUSXdMU1V5TUdsdVpHVjRMa3BRUndZN0JsUTZFV052Ym5SbGJuUmZkSGx3WlVraUQybHRZV2RsTDJwd1pXY0dPd1pVIiwiZXhwIjoiMjAyMC0wNi0wNVQxODo0NzozOC4wOTJaIiwicHVyIjoiYmxvYl9rZXkifX0=--8501caf75f328458ff4219826172fb550d170e19/002%20-%20index.JPG?content_type=image%2Fjpeg&disposition=inline%3B+filename%3D%22002+-+index.JPG%22%3B+filename%2A%3DUTF-8%27%27002%2520-%2520index.JPG" for ::1 at 2020-06-05 15:42:39 -0300
Processing by ActiveStorage::DiskController#show as 
  Parameters: {"content_type"=>"image/jpeg", "disposition"=>"inline; filename=\"002 - index.JPG\"; filename*=UTF-8''002%20-%20index.JPG", "encoded_key"=>"eyJfcmFpbHMiOnsibWVzc2FnZSI6IkJBaDdDRG9JYTJWNVNTSWhNbTE2YURSNWJITndkblZyT1hCcGVtODFhR3A2ZEdGdmVtNXhhUVk2QmtWVU9oQmthWE53YjNOcGRHbHZia2tpVFdsdWJHbHVaVHNnWm1sc1pXNWhiV1U5SWpBd01pQXRJR2x1WkdWNExrcFFSeUk3SUdacGJHVnVZVzFsS2oxVlZFWXRPQ2NuTURBeUpUSXdMU1V5TUdsdVpHVjRMa3BRUndZN0JsUTZFV052Ym5SbGJuUmZkSGx3WlVraUQybHRZV2RsTDJwd1pXY0dPd1pVIiwiZXhwIjoiMjAyMC0wNi0wNVQxODo0NzozOC4wOTJaIiwicHVyIjoiYmxvYl9rZXkifX0=--8501caf75f328458ff4219826172fb550d170e19", "filename"=>"002 - index"}
Completed 200 OK in 11ms (ActiveRecord: 0.0ms | Allocations: 443)


Started GET "/users/sign_up" for ::1 at 2020-06-05 15:42:43 -0300
Processing by Devise::RegistrationsController#new as HTML
  Rendering /home/usertest/.rvm/gems/ruby-2.5.1/gems/devise-4.7.1/app/views/devise/registrations/new.html.erb within layouts/application
  Rendered /home/usertest/.rvm/gems/ruby-2.5.1/gems/devise-4.7.1/app/views/devise/shared/_error_messages.html.erb (Duration: 0.6ms | Allocations: 220)
  Rendered /home/usertest/.rvm/gems/ruby-2.5.1/gems/devise-4.7.1/app/views/devise/shared/_links.html.erb (Duration: 1.2ms | Allocations: 562)
  Rendered /home/usertest/.rvm/gems/ruby-2.5.1/gems/devise-4.7.1/app/views/devise/registrations/new.html.erb within layouts/application (Duration: 21.6ms | Allocations: 4251)
[Webpacker] Everything's up-to-date. Nothing to do
  Rendered shared/_navbar.html.erb (Duration: 0.2ms | Allocations: 100)
Completed 200 OK in 177ms (Views: 160.0ms | ActiveRecord: 1.2ms | Allocations: 17734)


